[0m03:25:51.620057 [debug] [MainThread]: Sending event: {'category': 'dbt', 'action': 'invocation', 'label': 'start', 'context': [<snowplow_tracker.self_describing_json.SelfDescribingJson object at 0x107473e00>, <snowplow_tracker.self_describing_json.SelfDescribingJson object at 0x108a73c50>, <snowplow_tracker.self_describing_json.SelfDescribingJson object at 0x108a739d0>]}


============================== 03:25:51.622857 | 039707e0-50ee-4772-b49b-f84fff8654a2 ==============================
[0m03:25:51.622857 [info ] [MainThread]: Running with dbt=1.10.13
[0m03:25:51.623129 [debug] [MainThread]: running dbt with arguments {'invocation_command': 'dbt init formation_dbt', 'use_colors': 'True', 'debug': 'False', 'log_format': 'default', 'quiet': 'False', 'send_anonymous_usage_stats': 'True', 'version_check': 'True', 'introspect': 'True', 'no_print': 'None', 'write_json': 'True', 'indirect_selection': 'eager', 'log_cache_events': 'False', 'profiles_dir': '/Users/pheonix/.dbt', 'static_parser': 'True', 'use_experimental_parser': 'False', 'target_path': 'None', 'partial_parse': 'True', 'empty': 'None', 'printer_width': '80', 'fail_fast': 'False', 'warn_error': 'None', 'cache_selected_only': 'False', 'warn_error_options': 'WarnErrorOptionsV2(error=[], warn=[], silence=[])', 'log_path': 'logs'}
[0m03:25:51.631992 [info ] [MainThread]: Creating dbt configuration folder at /Users/pheonix/.dbt
[0m03:25:51.632945 [debug] [MainThread]: Starter project path: /Users/pheonix/Desktop/WORKSPACE/DBT/.venv/lib/python3.13/site-packages/dbt/include/starter_project
[0m03:25:51.636398 [info ] [MainThread]: 
Your new dbt project "formation_dbt" was created!

For more information on how to configure the profiles.yml file,
please consult the dbt documentation here:

  https://docs.getdbt.com/docs/configure-your-profile

One more thing:

Need help? Don't hesitate to reach out to us via GitHub issues or on Slack:

  https://community.getdbt.com/

Happy modeling!

[0m03:25:51.636578 [info ] [MainThread]: Setting up your profile.
[0m03:26:12.926315 [info ] [MainThread]: Profile formation_dbt written to /Users/pheonix/.dbt/profiles.yml using target's sample configuration. Once updated, you'll be able to start developing with dbt.
[0m03:26:12.929352 [debug] [MainThread]: Resource report: {"command_name": "init", "command_success": true, "command_wall_clock_time": 21.34267, "process_in_blocks": "0", "process_kernel_time": 0.110494, "process_mem_max_rss": "105938944", "process_out_blocks": "0", "process_user_time": 0.540063}
[0m03:26:12.929664 [debug] [MainThread]: Command `dbt init` succeeded at 03:26:12.929599 after 21.34 seconds
[0m03:26:12.929847 [debug] [MainThread]: Sending event: {'category': 'dbt', 'action': 'invocation', 'label': 'end', 'context': [<snowplow_tracker.self_describing_json.SelfDescribingJson object at 0x108aeba80>, <snowplow_tracker.self_describing_json.SelfDescribingJson object at 0x108b8f1d0>, <snowplow_tracker.self_describing_json.SelfDescribingJson object at 0x108b1b570>]}
[0m03:26:12.930023 [debug] [MainThread]: Flushing usage events
[0m03:26:13.450170 [debug] [MainThread]: An error was encountered while trying to flush usage events
